<?xml version="1.0" encoding="UTF-8"?>
<!-- Generated by org.testng.reporters.JUnitXMLReporter -->
<testsuite hostname="DESKTOP-URPP6LK" ignored="0" name="Languages" tests="5" failures="1" timestamp="2020-12-15T09:20:43 IST" time="0.075" errors="0">
  <testcase name="english" time="0.008" classname="test.Languages">
    <failure type="java.lang.AssertionError" message="expected [true] but found [false]">
      <![CDATA[java.lang.AssertionError: expected [true] but found [false]
at test.Languages.english(Languages.java:14)
at java.util.ArrayList.forEach(ArrayList.java:1259)
... Removed 31 stack frames]]>
    </failure>
  </testcase> <!-- english -->
  <testcase name="telugu" time="0.001" classname="test.Languages"/>
  <testcase name="science" time="0.003" classname="test.Subjects"/>
  <testcase name="social" time="0.003" classname="test.Subjects"/>
  <testcase name="maths" time="0.001" classname="test.Subjects"/>
</testsuite> <!-- Languages -->
